c:\users\franc\source\repos\projectopencv_final_caf\projectopencv_final_caf\x64\debug\vc143.pdb
c:\users\franc\source\repos\projectopencv_final_caf\projectopencv_final_caf\x64\debug\vc143.idb
c:\users\franc\source\repos\projectopencv_final_caf\projectopencv_final_caf\x64\debug\main.obj
c:\users\franc\source\repos\projectopencv_final_caf\projectopencv_final_caf\x64\debug\resize.obj
c:\users\franc\source\repos\projectopencv_final_caf\projectopencv_final_caf\x64\debug\panoramastitching.obj
c:\users\franc\source\repos\projectopencv_final_caf\projectopencv_final_caf\x64\debug\intensity.obj
c:\users\franc\source\repos\projectopencv_final_caf\projectopencv_final_caf\x64\debug\erosiondilatation.obj
c:\users\franc\source\repos\projectopencv_final_caf\projectopencv_final_caf\x64\debug\cannyedgedetection.obj
c:\users\franc\source\repos\projectopencv_final_caf\x64\debug\projectopencv_final_caf.exe
c:\users\franc\source\repos\projectopencv_final_caf\projectopencv_final_caf\x64\debug\projectopencv_final_caf.ilk
c:\users\franc\source\repos\projectopencv_final_caf\x64\debug\projectopencv_final_caf.pdb
c:\users\franc\source\repos\projectopencv_final_caf\projectopencv_final_caf\x64\debug\source.obj
c:\users\franc\source\repos\projectopencv_final_caf\projectopencv_final_caf\x64\debug\nativecodeanalysis.read.1.tlog
c:\users\franc\source\repos\projectopencv_final_caf\projectopencv_final_caf\x64\debug\main.nativecodeanalysis.xml
c:\users\franc\source\repos\projectopencv_final_caf\projectopencv_final_caf\x64\debug\vc.nativecodeanalysis.all.xml
c:\users\franc\source\repos\projectopencv_final_caf\projectopencv_final_caf\x64\debug\projecto.85bed84a.tlog\cl.command.1.tlog
c:\users\franc\source\repos\projectopencv_final_caf\projectopencv_final_caf\x64\debug\projecto.85bed84a.tlog\cl.read.1.tlog
c:\users\franc\source\repos\projectopencv_final_caf\projectopencv_final_caf\x64\debug\projecto.85bed84a.tlog\cl.write.1.tlog
c:\users\franc\source\repos\projectopencv_final_caf\projectopencv_final_caf\x64\debug\projecto.85bed84a.tlog\link.command.1.tlog
c:\users\franc\source\repos\projectopencv_final_caf\projectopencv_final_caf\x64\debug\projecto.85bed84a.tlog\link.read.1.tlog
c:\users\franc\source\repos\projectopencv_final_caf\projectopencv_final_caf\x64\debug\projecto.85bed84a.tlog\link.write.1.tlog
